0 info it worked if it ends with ok
1 verbose cli [ 'node',
1 verbose cli   '/home/vikash/.nvm/versions/v0.12.0/bin/npm',
1 verbose cli   'install',
1 verbose cli   '-g',
1 verbose cli   'GitFsResolver' ]
2 info using npm@2.12.1
3 info using node@v0.12.0
4 verbose install initial load of /home/vikash/.nvm/versions/v0.12.0/lib/package.json
5 verbose readDependencies loading dependencies from /home/vikash/.nvm/versions/v0.12.0/lib/package.json
6 silly cache add args [ 'GitFsResolver', null ]
7 verbose cache add spec GitFsResolver
8 silly cache add parsed spec { raw: 'GitFsResolver',
8 silly cache add   scope: null,
8 silly cache add   name: 'GitFsResolver',
8 silly cache add   rawSpec: '',
8 silly cache add   spec: '*',
8 silly cache add   type: 'range' }
9 silly addNamed GitFsResolver@*
10 verbose addNamed "*" is a valid semver range for GitFsResolver
11 silly addNameRange { name: 'GitFsResolver', range: '*', hasData: false }
12 silly mapToRegistry name GitFsResolver
13 silly mapToRegistry using default registry
14 silly mapToRegistry registry https://registry.npmjs.org/
15 silly mapToRegistry uri https://registry.npmjs.org/GitFsResolver
16 verbose addNameRange registry:https://registry.npmjs.org/GitFsResolver not in flight; fetching
17 verbose request uri https://registry.npmjs.org/GitFsResolver
18 verbose request no auth needed
19 info attempt registry request try #1 at 12:46:22
20 verbose request id 99dabf2f4766ab9e
21 http request GET https://registry.npmjs.org/GitFsResolver
22 http 404 https://registry.npmjs.org/GitFsResolver
23 verbose headers { server: 'CouchDB/1.5.0 (Erlang OTP/R16B03)',
23 verbose headers   'content-type': 'application/json',
23 verbose headers   'cache-control': 'max-age=0',
23 verbose headers   'content-length': '51',
23 verbose headers   'accept-ranges': 'bytes',
23 verbose headers   date: 'Wed, 22 Jul 2015 07:16:22 GMT',
23 verbose headers   via: '1.1 varnish',
23 verbose headers   age: '0',
23 verbose headers   connection: 'keep-alive',
23 verbose headers   'x-served-by': 'cache-sin6924-SIN',
23 verbose headers   'x-cache': 'MISS',
23 verbose headers   'x-cache-hits': '0',
23 verbose headers   'x-timer': 'S1437549382.501239,VS0,VE254' }
24 silly get cb [ 404,
24 silly get   { server: 'CouchDB/1.5.0 (Erlang OTP/R16B03)',
24 silly get     'content-type': 'application/json',
24 silly get     'cache-control': 'max-age=0',
24 silly get     'content-length': '51',
24 silly get     'accept-ranges': 'bytes',
24 silly get     date: 'Wed, 22 Jul 2015 07:16:22 GMT',
24 silly get     via: '1.1 varnish',
24 silly get     age: '0',
24 silly get     connection: 'keep-alive',
24 silly get     'x-served-by': 'cache-sin6924-SIN',
24 silly get     'x-cache': 'MISS',
24 silly get     'x-cache-hits': '0',
24 silly get     'x-timer': 'S1437549382.501239,VS0,VE254' } ]
25 verbose stack Error: 404 Not Found: GitFsResolver
25 verbose stack     at CachingRegistryClient.<anonymous> (/home/vikash/.nvm/versions/v0.12.0/lib/node_modules/npm/node_modules/npm-registry-client/lib/request.js:245:14)
25 verbose stack     at Request._callback (/home/vikash/.nvm/versions/v0.12.0/lib/node_modules/npm/node_modules/npm-registry-client/lib/request.js:170:14)
25 verbose stack     at Request.self.callback (/home/vikash/.nvm/versions/v0.12.0/lib/node_modules/npm/node_modules/request/request.js:197:22)
25 verbose stack     at Request.emit (events.js:110:17)
25 verbose stack     at Request.<anonymous> (/home/vikash/.nvm/versions/v0.12.0/lib/node_modules/npm/node_modules/request/request.js:1050:14)
25 verbose stack     at Request.emit (events.js:129:20)
25 verbose stack     at IncomingMessage.<anonymous> (/home/vikash/.nvm/versions/v0.12.0/lib/node_modules/npm/node_modules/request/request.js:996:12)
25 verbose stack     at IncomingMessage.emit (events.js:129:20)
25 verbose stack     at _stream_readable.js:908:16
25 verbose stack     at process._tickCallback (node.js:355:11)
26 verbose statusCode 404
27 verbose pkgid GitFsResolver
28 verbose cwd /home/vikash/exp/git/etest
29 error Linux 3.13.0-54-generic
30 error argv "node" "/home/vikash/.nvm/versions/v0.12.0/bin/npm" "install" "-g" "GitFsResolver"
31 error node v0.12.0
32 error npm  v2.12.1
33 error code E404
34 error 404 Not Found: GitFsResolver
34 error 404
34 error 404 'GitFsResolver' is not in the npm registry.
34 error 404 Your package name is not valid, because
34 error 404
34 error 404  1. name can no longer contain capital letters
34 error 404
34 error 404 Note that you can also install from a
34 error 404 tarball, folder, http url, or git url.
35 verbose exit [ 1, true ]
